<?xml version="1.0" encoding="UTF-8"?>
<!DOCTYPE generatorConfiguration
  PUBLIC "-//mybatis.org//DTD MyBatis Generator Configuration 1.0//EN"
  "http://mybatis.org/dtd/mybatis-generator-config_1_0.dtd">
<generatorConfiguration>
    <!--数据库驱动-->
    <context id="DB2Tables"    targetRuntime="MyBatis3">
    
    <!-- 此处指定生成针对MyBatis3的DAO -->
        <!-- 生成的Java文件的编码 -->
        <property name="javaFileEncoding" value="UTF-8"/>
        <!-- 格式化java代码 -->
        <property name="javaFormatter" value="org.mybatis.generator.api.dom.DefaultJavaFormatter"/>
        <!-- 格式化XML代码 -->
        <property name="xmlFormatter" value="org.mybatis.generator.api.dom.DefaultXmlFormatter"/>
        <property name="beginningDelimiter" value="`"/>
        <property name="endingDelimiter" value="`"/>
        <!-- 增加Models ToStirng方法 -->
        <plugin type="org.mybatis.generator.plugins.ToStringPlugin" />
        <!-- 增加爱Models Serializable实现 -->
        <plugin type="org.mybatis.generator.plugins.SerializablePlugin" />
        <!-- 分页插件 -->
        <!-- 在example类中增 page 属性，并在mapper.xml的查询中加入page !=null 时的查询 -->
        <!-- <plugin type="org.mybatis.generator.plugins.MySQLPagerPlugin" /> -->
        <!-- 在example类中增 offset和limit属性，并在mapper.xml的查询中加入limit ${offset} , ${limit} 提供在offset和limit>0时的查询 -->
        <!-- <plugin type="org.mybatis.generator.plugins.MySQLPaginationPlugin2"></plugin> -->
        <!--<plugin type="com.xxg.mybatis.plugins.MySQLLimitPlugin"></plugin>-->
        
        
        <commentGenerator type="org.mybatis.generator.internal.CustomCommentGenerator">
            <property name="suppressDate" value="true"/>
            <property name="suppressAllComments" value="false"/>
            <property name="addRemarkComments" value="true"/>
            <property name="useActualColumnNames" value="true" />
        </commentGenerator>
        <!--数据库链接地址账号密码-->
        <jdbcConnection driverClass="com.mysql.cj.jdbc.Driver" connectionURL="jdbc:mysql://120.27.112.230:3306/fusheep_v2" userId="root" password="12027sheep">
        </jdbcConnection>
        <javaTypeResolver>
            <property name="forceBigDecimals" value="false"/>
        </javaTypeResolver>
        <!--生成Model类存放位置-->
        <javaModelGenerator targetPackage="com.fusheep.mmoo.app.persist.entity.auth" targetProject="src/main/generated-entity">
            <property name="enableSubPackages" value="true"/>
            <property name="trimStrings" value="true"/>
			<property name="useActualColumnNames" value="true" />
			<!-- useCompoundPropertyNames
			useActualColumnNames -->
        </javaModelGenerator>
        <!--生成映射文件存放位置-->
        <sqlMapGenerator targetPackage="com.fusheep.mmoo.app.persist.mapping.auth" targetProject="src/main/java">
            <property name="enableSubPackages" value="true"/>
        </sqlMapGenerator>
        
        <!--生成Mapper类存放位置-->
        <javaClientGenerator type="XMLMAPPER" targetPackage="com.fusheep.mmoo.app.persist.mapping.auth" targetProject="src/main/java">
            <property name="enableSubPackages" value="true"/>
        </javaClientGenerator>
        
        <!--生成对应表及类名-->
        <table tableName="mm_module"  domainObjectName="Module" enableCountByExample="false" enableUpdateByExample="false" enableDeleteByExample="false" enableSelectByExample="false" selectByExampleQueryId="false">
        	 <property name="useActualColumnNames" value="true" />
        	<!--  <ignoreColumn column="id" /> -->
        	<columnOverride column="createTime" jdbcType="TIMESTAMP"  javaType="org.joda.time.DateTime" typeHandler="org.jit4j.core.persist.mybatis.typehandler.DateTimeTyeHandler"></columnOverride>
        	<columnOverride column="updateTime" jdbcType="TIMESTAMP"  javaType="org.joda.time.DateTime" typeHandler="org.jit4j.core.persist.mybatis.typehandler.DateTimeTyeHandler"></columnOverride>
        </table>
		
    </context>
</generatorConfiguration>